Arguments: 
  /usr/local/Cellar/node/18.10.0/bin/node /usr/local/Cellar/yarn/1.22.19/libexec/bin/yarn.js install

PATH: 
  /opt/local/bin:/opt/local/sbin:/usr/local/bin:/usr/bin:/bin:/usr/sbin:/sbin:/Library/Apple/usr/bin

Yarn version: 
  1.22.19

Node version: 
  18.10.0

Platform: 
  darwin x64

Trace: 
  SyntaxError: /Users/one/dev/x/quasar-x/ui/dev/src/components/vue-dd/package.json: Unexpected token } in JSON at position 1083
      at JSON.parse (<anonymous>)
      at /usr/local/Cellar/yarn/1.22.19/libexec/lib/cli.js:1629:59
      at Generator.next (<anonymous>)
      at step (/usr/local/Cellar/yarn/1.22.19/libexec/lib/cli.js:310:30)
      at /usr/local/Cellar/yarn/1.22.19/libexec/lib/cli.js:321:13

npm manifest: 
  {
    "name": "vue-dd",
    "version": "0.4.3",
    "description": "Vue.js component for displaying JavaScript objects with circular references, forked and ported to Vue 3",
    "main": "VueDd.vue",
    "scripts": {
      "test": "vitest",
      "coverage": "vitest run --coverage"
    },
    "dependencies": {
      "vue": "latest"
    },
    "devDependencies": {
      "@vitejs/plugin-vue": "latest",
      "@vitest/coverage-c8": "^0.26.2",
      "@vue/test-utils": "^2.0.0",
      "jsdom": "latest",
      "vite": "latest",
      "vitest": "latest"
    },
    "repository": {
      "type": "git",
      "url": "https://github.com/infinite-system/vue-dd"
    },
    "homepage": "https://github.com/infinite-system/vue-dd",
    "bugs": {
      "url": "https://github.com/infinite-system/vue-dd/issues",
      "email": "ekalashnikov@gmail.com"
    },
    "keywords": [
      "Vue",
      "VueJs",
      "dd",
      "vue-dd",
      "object",
      "tree",
      "view",
      "json",
      "viewer",
      "lazy",
      "circular",
      "inspector"
    ],
    "author": {
      "name": "Evgeny Kalashnikov",
      "email": "ekalashnikov@gmail.com"
    },
    "license": "MIT",
  }

yarn manifest: 
  No manifest

Lockfile: 
  # THIS IS AN AUTOGENERATED FILE. DO NOT EDIT THIS FILE DIRECTLY.
  # yarn lockfile v1
